<?xml version="1.0" encoding="UTF-8"?>
<testsuite xmlns:xsi="http://www.w3.org/2001/XMLSchema-instance" xsi:noNamespaceSchemaLocation="https://maven.apache.org/surefire/maven-surefire-plugin/xsd/surefire-test-report-3.0.xsd" version="3.0" name="test.java.com.example.TriangleTest" time="0.149" tests="8" errors="0" skipped="0" failures="0">
  <properties>
    <property name="java.specification.version" value="17"/>
    <property name="sun.jnu.encoding" value="UTF-8"/>
    <property name="java.class.path" value="/home/davide/Repo/FSTT_2324/Assignment_1/maven/demo/target/test-classes:/home/davide/Repo/FSTT_2324/Assignment_1/maven/demo/target/classes:/home/davide/.m2/repository/org/junit/jupiter/junit-jupiter-api/5.4.2/junit-jupiter-api-5.4.2.jar:/home/davide/.m2/repository/org/apiguardian/apiguardian-api/1.0.0/apiguardian-api-1.0.0.jar:/home/davide/.m2/repository/org/opentest4j/opentest4j/1.1.1/opentest4j-1.1.1.jar:/home/davide/.m2/repository/org/junit/platform/junit-platform-commons/1.4.2/junit-platform-commons-1.4.2.jar:/home/davide/.m2/repository/org/junit/jupiter/junit-jupiter-engine/5.4.2/junit-jupiter-engine-5.4.2.jar:/home/davide/.m2/repository/org/junit/platform/junit-platform-engine/1.4.2/junit-platform-engine-1.4.2.jar:"/>
    <property name="java.vm.vendor" value="Red Hat, Inc."/>
    <property name="sun.arch.data.model" value="64"/>
    <property name="java.vendor.url" value="https://www.redhat.com/"/>
    <property name="os.name" value="Linux"/>
    <property name="java.vm.specification.version" value="17"/>
    <property name="sun.java.launcher" value="SUN_STANDARD"/>
    <property name="user.country" value="US"/>
    <property name="sun.boot.library.path" value="/usr/lib/jvm/java-17-openjdk-17.0.9.0.9-3.fc39.x86_64/lib"/>
    <property name="sun.java.command" value="/home/davide/Repo/FSTT_2324/Assignment_1/maven/demo/target/surefire/surefirebooter-20240327163509042_3.jar /home/davide/Repo/FSTT_2324/Assignment_1/maven/demo/target/surefire 2024-03-27T16-35-08_867-jvmRun1 surefire-20240327163509042_1tmp surefire_0-20240327163509042_2tmp"/>
    <property name="jdk.debug" value="release"/>
    <property name="surefire.test.class.path" value="/home/davide/Repo/FSTT_2324/Assignment_1/maven/demo/target/test-classes:/home/davide/Repo/FSTT_2324/Assignment_1/maven/demo/target/classes:/home/davide/.m2/repository/org/junit/jupiter/junit-jupiter-api/5.4.2/junit-jupiter-api-5.4.2.jar:/home/davide/.m2/repository/org/apiguardian/apiguardian-api/1.0.0/apiguardian-api-1.0.0.jar:/home/davide/.m2/repository/org/opentest4j/opentest4j/1.1.1/opentest4j-1.1.1.jar:/home/davide/.m2/repository/org/junit/platform/junit-platform-commons/1.4.2/junit-platform-commons-1.4.2.jar:/home/davide/.m2/repository/org/junit/jupiter/junit-jupiter-engine/5.4.2/junit-jupiter-engine-5.4.2.jar:/home/davide/.m2/repository/org/junit/platform/junit-platform-engine/1.4.2/junit-platform-engine-1.4.2.jar:"/>
    <property name="sun.cpu.endian" value="little"/>
    <property name="user.home" value="/home/davide"/>
    <property name="user.language" value="en"/>
    <property name="java.specification.vendor" value="Oracle Corporation"/>
    <property name="java.version.date" value="2023-10-17"/>
    <property name="java.home" value="/usr/lib/jvm/java-17-openjdk-17.0.9.0.9-3.fc39.x86_64"/>
    <property name="file.separator" value="/"/>
    <property name="basedir" value="/home/davide/Repo/FSTT_2324/Assignment_1/maven/demo"/>
    <property name="java.vm.compressedOopsMode" value="32-bit"/>
    <property name="line.separator" value="&#10;"/>
    <property name="java.specification.name" value="Java Platform API Specification"/>
    <property name="java.vm.specification.vendor" value="Oracle Corporation"/>
    <property name="surefire.real.class.path" value="/home/davide/Repo/FSTT_2324/Assignment_1/maven/demo/target/surefire/surefirebooter-20240327163509042_3.jar"/>
    <property name="sun.management.compiler" value="HotSpot 64-Bit Tiered Compilers"/>
    <property name="java.runtime.version" value="17.0.9+9"/>
    <property name="user.name" value="davide"/>
    <property name="path.separator" value=":"/>
    <property name="os.version" value="6.7.9-200.fc39.x86_64"/>
    <property name="java.runtime.name" value="OpenJDK Runtime Environment"/>
    <property name="file.encoding" value="UTF-8"/>
    <property name="java.vm.name" value="OpenJDK 64-Bit Server VM"/>
    <property name="java.vendor.version" value="(Red_Hat-17.0.9.0.9-4)"/>
    <property name="localRepository" value="/home/davide/.m2/repository"/>
    <property name="java.vendor.url.bug" value="https://bugzilla.redhat.com/enter_bug.cgi?product=Fedora&amp;component=java-17-openjdk&amp;version=38"/>
    <property name="java.io.tmpdir" value="/tmp"/>
    <property name="java.version" value="17.0.9"/>
    <property name="user.dir" value="/home/davide/Repo/FSTT_2324/Assignment_1/maven/demo"/>
    <property name="os.arch" value="amd64"/>
    <property name="java.vm.specification.name" value="Java Virtual Machine Specification"/>
    <property name="native.encoding" value="UTF-8"/>
    <property name="java.library.path" value="/usr/java/packages/lib:/usr/lib64:/lib64:/lib:/usr/lib"/>
    <property name="java.vm.info" value="mixed mode, sharing"/>
    <property name="java.vendor" value="Red Hat, Inc."/>
    <property name="java.vm.version" value="17.0.9+9"/>
    <property name="sun.io.unicode.encoding" value="UnicodeLittle"/>
    <property name="java.class.version" value="61.0"/>
  </properties>
  <testcase name="testCheckTypeIsosceles" classname="test.java.com.example.TriangleTest" time="0.061">
    <system-out><![CDATA[Testing CheckType method for Isosceles triangle
Isosceles triangle
]]></system-out>
  </testcase>
  <testcase name="testCheckTypeEquilateral" classname="test.java.com.example.TriangleTest" time="0.003">
    <system-out><![CDATA[Testing CheckType method for Equilateral triangle
Equilateral triangle
]]></system-out>
  </testcase>
  <testcase name="testIsNotRight" classname="test.java.com.example.TriangleTest" time="0.007">
    <system-out><![CDATA[Testing isRight method for not right triangle
]]></system-out>
  </testcase>
  <testcase name="testIsNotValid" classname="test.java.com.example.TriangleTest" time="0.003">
    <system-out><![CDATA[Testing isValid method for not valid triangle
]]></system-out>
  </testcase>
  <testcase name="testCheckTypeScalene" classname="test.java.com.example.TriangleTest" time="0.002">
    <system-out><![CDATA[Testing CheckType method for Scalene triangle
Scalene triangle
]]></system-out>
  </testcase>
  <testcase name="testCheckTypeInvalid" classname="test.java.com.example.TriangleTest" time="0.003">
    <system-out><![CDATA[Testing CheckType method for Invalid triangle
Cannot form a triangle
]]></system-out>
  </testcase>
  <testcase name="testIsRight" classname="test.java.com.example.TriangleTest" time="0.003">
    <system-out><![CDATA[Testing isRight method
]]></system-out>
  </testcase>
  <testcase name="testIsValid" classname="test.java.com.example.TriangleTest" time="0.003">
    <system-out><![CDATA[Testing isValid method
Equilateral triangle
]]></system-out>
  </testcase>
</testsuite>